<?xml version="1.0" encoding="UTF-8" ?>
<testsuite tests="0" failures="0" name="TestSuite" time="0.515" errors="0" skipped="0">
  <properties>
    <property name="java.runtime.name" value="Java(TM) SE Runtime Environment"/>
    <property name="sun.boot.library.path" value="/Library/Java/JavaVirtualMachines/jdk1.8.0_91.jdk/Contents/Home/jre/lib"/>
    <property name="java.vm.version" value="25.91-b14"/>
    <property name="gopherProxySet" value="false"/>
    <property name="java.vm.vendor" value="Oracle Corporation"/>
    <property name="java.vendor.url" value="http://java.oracle.com/"/>
    <property name="path.separator" value=":"/>
    <property name="java.vm.name" value="Java HotSpot(TM) 64-Bit Server VM"/>
    <property name="file.encoding.pkg" value="sun.io"/>
    <property name="user.country" value="US"/>
    <property name="sun.java.launcher" value="SUN_STANDARD"/>
    <property name="sun.os.patch.level" value="unknown"/>
    <property name="java.vm.specification.name" value="Java Virtual Machine Specification"/>
    <property name="user.dir" value="/Users/syedraza/Java Course/maven-bitcoin"/>
    <property name="java.runtime.version" value="1.8.0_91-b14"/>
    <property name="java.awt.graphicsenv" value="sun.awt.CGraphicsEnvironment"/>
    <property name="basedir" value="/Users/syedraza/Java Course/maven-bitcoin"/>
    <property name="java.endorsed.dirs" value="/Library/Java/JavaVirtualMachines/jdk1.8.0_91.jdk/Contents/Home/jre/lib/endorsed"/>
    <property name="os.arch" value="x86_64"/>
    <property name="surefire.real.class.path" value="/Users/syedraza/Java Course/maven-bitcoin/target/surefire/surefirebooter7683890158733598664.jar"/>
    <property name="java.io.tmpdir" value="/var/folders/bf/8q06w1s97db6xzw32jw2w_k80000gn/T/"/>
    <property name="line.separator" value="
"/>
    <property name="java.vm.specification.vendor" value="Oracle Corporation"/>
    <property name="os.name" value="Mac OS X"/>
    <property name="sun.jnu.encoding" value="UTF-8"/>
    <property name="java.library.path" value="/Users/syedraza/Library/Java/Extensions:/Library/Java/Extensions:/Network/Library/Java/Extensions:/System/Library/Java/Extensions:/usr/lib/java:."/>
    <property name="surefire.test.class.path" value="/Users/syedraza/Java Course/maven-bitcoin/target/test-classes:/Users/syedraza/Java Course/maven-bitcoin/target/classes:/Users/syedraza/.m2/repository/junit/junit/4.11/junit-4.11.jar:/Users/syedraza/.m2/repository/org/hamcrest/hamcrest-core/1.3/hamcrest-core-1.3.jar:/Users/syedraza/.m2/repository/org/mockito/mockito-core/2.8.9/mockito-core-2.8.9.jar:/Users/syedraza/.m2/repository/net/bytebuddy/byte-buddy/1.6.14/byte-buddy-1.6.14.jar:/Users/syedraza/.m2/repository/net/bytebuddy/byte-buddy-agent/1.6.14/byte-buddy-agent-1.6.14.jar:/Users/syedraza/.m2/repository/org/objenesis/objenesis/2.5/objenesis-2.5.jar:/Users/syedraza/.m2/repository/org/apache/maven/surefire/surefire-junit47/2.12/surefire-junit47-2.12.jar:/Users/syedraza/.m2/repository/org/apache/maven/surefire/common-junit48/2.12/common-junit48-2.12.jar:/Users/syedraza/.m2/repository/org/apache/maven/surefire/common-junit4/2.12/common-junit4-2.12.jar:/Users/syedraza/.m2/repository/org/apache/maven/surefire/common-junit3/2.12/common-junit3-2.12.jar:/Users/syedraza/.m2/repository/org/apache/maven/surefire/surefire-grouper/2.12/surefire-grouper-2.12.jar:/Users/syedraza/.m2/repository/org/apache/maven/surefire/surefire-api/2.12/surefire-api-2.12.jar:/Users/syedraza/.m2/repository/com/tngtech/java/junit-dataprovider/1.5.0/junit-dataprovider-1.5.0.jar:/Users/syedraza/.m2/repository/com/google/code/findbugs/annotations/2.0.1/annotations-2.0.1.jar:/Users/syedraza/.m2/repository/junit/junit-dep/4.8.2/junit-dep-4.8.2.jar:/Users/syedraza/.m2/repository/org/testng/testng/6.8/testng-6.8.jar:/Users/syedraza/.m2/repository/org/beanshell/bsh/2.0b4/bsh-2.0b4.jar:/Users/syedraza/.m2/repository/com/beust/jcommander/1.27/jcommander-1.27.jar:/Users/syedraza/.m2/repository/org/yaml/snakeyaml/1.6/snakeyaml-1.6.jar:/Users/syedraza/.m2/repository/pl/pragmatists/JUnitParams/1.0.4/JUnitParams-1.0.4.jar:/Users/syedraza/.m2/repository/org/apache/maven/surefire/surefire-testng-utils/2.8.1/surefire-testng-utils-2.8.1.jar:"/>
    <property name="java.specification.name" value="Java Platform API Specification"/>
    <property name="java.class.version" value="52.0"/>
    <property name="sun.management.compiler" value="HotSpot 64-Bit Tiered Compilers"/>
    <property name="os.version" value="10.10.5"/>
    <property name="http.nonProxyHosts" value="local|*.local|169.254/16|*.169.254/16"/>
    <property name="user.home" value="/Users/syedraza"/>
    <property name="user.timezone" value="America/New_York"/>
    <property name="java.awt.printerjob" value="sun.lwawt.macosx.CPrinterJob"/>
    <property name="java.specification.version" value="1.8"/>
    <property name="file.encoding" value="UTF-8"/>
    <property name="user.name" value="syedraza"/>
    <property name="java.class.path" value="/Users/syedraza/Java Course/maven-bitcoin/target/test-classes:/Users/syedraza/Java Course/maven-bitcoin/target/classes:/Users/syedraza/.m2/repository/junit/junit/4.11/junit-4.11.jar:/Users/syedraza/.m2/repository/org/hamcrest/hamcrest-core/1.3/hamcrest-core-1.3.jar:/Users/syedraza/.m2/repository/org/mockito/mockito-core/2.8.9/mockito-core-2.8.9.jar:/Users/syedraza/.m2/repository/net/bytebuddy/byte-buddy/1.6.14/byte-buddy-1.6.14.jar:/Users/syedraza/.m2/repository/net/bytebuddy/byte-buddy-agent/1.6.14/byte-buddy-agent-1.6.14.jar:/Users/syedraza/.m2/repository/org/objenesis/objenesis/2.5/objenesis-2.5.jar:/Users/syedraza/.m2/repository/org/apache/maven/surefire/surefire-junit47/2.12/surefire-junit47-2.12.jar:/Users/syedraza/.m2/repository/org/apache/maven/surefire/common-junit48/2.12/common-junit48-2.12.jar:/Users/syedraza/.m2/repository/org/apache/maven/surefire/common-junit4/2.12/common-junit4-2.12.jar:/Users/syedraza/.m2/repository/org/apache/maven/surefire/common-junit3/2.12/common-junit3-2.12.jar:/Users/syedraza/.m2/repository/org/apache/maven/surefire/surefire-grouper/2.12/surefire-grouper-2.12.jar:/Users/syedraza/.m2/repository/org/apache/maven/surefire/surefire-api/2.12/surefire-api-2.12.jar:/Users/syedraza/.m2/repository/com/tngtech/java/junit-dataprovider/1.5.0/junit-dataprovider-1.5.0.jar:/Users/syedraza/.m2/repository/com/google/code/findbugs/annotations/2.0.1/annotations-2.0.1.jar:/Users/syedraza/.m2/repository/junit/junit-dep/4.8.2/junit-dep-4.8.2.jar:/Users/syedraza/.m2/repository/org/testng/testng/6.8/testng-6.8.jar:/Users/syedraza/.m2/repository/org/beanshell/bsh/2.0b4/bsh-2.0b4.jar:/Users/syedraza/.m2/repository/com/beust/jcommander/1.27/jcommander-1.27.jar:/Users/syedraza/.m2/repository/org/yaml/snakeyaml/1.6/snakeyaml-1.6.jar:/Users/syedraza/.m2/repository/pl/pragmatists/JUnitParams/1.0.4/JUnitParams-1.0.4.jar:/Users/syedraza/.m2/repository/org/apache/maven/surefire/surefire-testng-utils/2.8.1/surefire-testng-utils-2.8.1.jar:"/>
    <property name="java.vm.specification.version" value="1.8"/>
    <property name="sun.arch.data.model" value="64"/>
    <property name="java.home" value="/Library/Java/JavaVirtualMachines/jdk1.8.0_91.jdk/Contents/Home/jre"/>
    <property name="sun.java.command" value="/Users/syedraza/Java Course/maven-bitcoin/target/surefire/surefirebooter7683890158733598664.jar /Users/syedraza/Java Course/maven-bitcoin/target/surefire/surefire4154240351050595115tmp /Users/syedraza/Java Course/maven-bitcoin/target/surefire/surefire7082594151365616567tmp"/>
    <property name="java.specification.vendor" value="Oracle Corporation"/>
    <property name="user.language" value="en"/>
    <property name="awt.toolkit" value="sun.lwawt.macosx.LWCToolkit"/>
    <property name="java.vm.info" value="mixed mode"/>
    <property name="java.version" value="1.8.0_91"/>
    <property name="java.ext.dirs" value="/Users/syedraza/Library/Java/Extensions:/Library/Java/JavaVirtualMachines/jdk1.8.0_91.jdk/Contents/Home/jre/lib/ext:/Library/Java/Extensions:/Network/Library/Java/Extensions:/System/Library/Java/Extensions:/usr/lib/java"/>
    <property name="sun.boot.class.path" value="/Library/Java/JavaVirtualMachines/jdk1.8.0_91.jdk/Contents/Home/jre/lib/resources.jar:/Library/Java/JavaVirtualMachines/jdk1.8.0_91.jdk/Contents/Home/jre/lib/rt.jar:/Library/Java/JavaVirtualMachines/jdk1.8.0_91.jdk/Contents/Home/jre/lib/sunrsasign.jar:/Library/Java/JavaVirtualMachines/jdk1.8.0_91.jdk/Contents/Home/jre/lib/jsse.jar:/Library/Java/JavaVirtualMachines/jdk1.8.0_91.jdk/Contents/Home/jre/lib/jce.jar:/Library/Java/JavaVirtualMachines/jdk1.8.0_91.jdk/Contents/Home/jre/lib/charsets.jar:/Library/Java/JavaVirtualMachines/jdk1.8.0_91.jdk/Contents/Home/jre/lib/jfr.jar:/Library/Java/JavaVirtualMachines/jdk1.8.0_91.jdk/Contents/Home/jre/classes"/>
    <property name="java.vendor" value="Oracle Corporation"/>
    <property name="localRepository" value="/Users/syedraza/.m2/repository"/>
    <property name="file.separator" value="/"/>
    <property name="java.vendor.url.bug" value="http://bugreport.sun.com/bugreport/"/>
    <property name="sun.cpu.endian" value="little"/>
    <property name="sun.io.unicode.encoding" value="UnicodeBig"/>
    <property name="socksNonProxyHosts" value="local|*.local|169.254/16|*.169.254/16"/>
    <property name="ftp.nonProxyHosts" value="local|*.local|169.254/16|*.169.254/16"/>
    <property name="sun.cpu.isalist" value=""/>
  </properties>
</testsuite>