<?xml version="1.0" encoding="UTF-8"?>
<!-- Generated by org.testng.reporters.JUnitReportReporter -->
<testsuite hostname="Syeds-MacBook.local" name="com.bitcoin.BitcoinPricerTest" tests="5" failures="0" timestamp="30 Apr 2018 02:16:51 GMT" time="0.791" errors="0">
  <testcase name="testMock4" time="0.000" classname="com.bitcoin.BitcoinPricerTest"/>
  <testcase name="testAssertEqualsSameObjects" time="0.000" classname="com.bitcoin.BitcoinPricerTest"/>
  <testcase name="testMock3" time="0.000" classname="com.bitcoin.BitcoinPricerTest"/>
  <testcase name="testMock2" time="0.001" classname="com.bitcoin.BitcoinPricerTest"/>
  <testcase name="testMock1" time="0.790" classname="com.bitcoin.BitcoinPricerTest"/>
</testsuite> <!-- com.bitcoin.BitcoinPricerTest -->
