<?xml version="1.0" encoding="UTF-8"?>
<!-- Generated by org.testng.reporters.JUnitReportReporter -->
<testsuite hostname="Syeds-MacBook.local" name="com.bitcoin.BitcoinPricerTest" tests="8" failures="0" timestamp="2 May 2018 02:05:30 GMT" time="1.048" errors="0">
  <testcase name="testIntegration" time="0.000" classname="com.bitcoin.BitcoinPricerTest"/>
  <testcase name="testIntegration_TDD" time="0.000" classname="com.bitcoin.BitcoinPricerTest"/>
  <testcase name="testMock4" time="0.001" classname="com.bitcoin.BitcoinPricerTest"/>
  <testcase name="testMock5" time="0.001" classname="com.bitcoin.BitcoinPricerTest"/>
  <testcase name="testAssertEqualsSameObjects" time="0.000" classname="com.bitcoin.BitcoinPricerTest"/>
  <testcase name="testMock3" time="0.000" classname="com.bitcoin.BitcoinPricerTest"/>
  <testcase name="testMock2" time="0.001" classname="com.bitcoin.BitcoinPricerTest"/>
  <testcase name="testMock1" time="1.045" classname="com.bitcoin.BitcoinPricerTest"/>
</testsuite> <!-- com.bitcoin.BitcoinPricerTest -->
